############## Kodi CRASH LOG ###############

################ SYSTEM INFO ################
 Date: Sun Aug 25 02:29:33 CDT 2019
 Kodi Options: 
 Arch: x86_64
 Kernel: Linux 5.0.0-25-generic #26~18.04.1-Ubuntu SMP Thu Aug 1 13:51:02 UTC 2019
 Release: Ubuntu 18.04.3 LTS (Bionic Beaver)
############## END SYSTEM INFO ##############

############### STACK TRACE #################
=====>  Core file: /home/evan/core (2019-08-25 02:29:40.944681586 -0500)
        =========================================
[New LWP 15589]
[New LWP 15570]
[New LWP 15572]
[New LWP 15574]
[New LWP 15577]
[New LWP 15575]
[New LWP 15580]
[New LWP 15584]
[New LWP 15585]
[New LWP 15581]
[New LWP 15587]
[New LWP 15594]
[New LWP 15593]
[New LWP 15592]
[New LWP 15597]
[New LWP 15596]
[New LWP 15598]
[New LWP 15595]
[New LWP 15586]
[New LWP 15583]
[New LWP 15588]
[New LWP 15493]
[Thread debugging using libthread_db enabled]
Using host libthread_db library "/lib/x86_64-linux-gnu/libthread_db.so.1".
Core was generated by `/usr/lib/x86_64-linux-gnu/kodi/kodi-x11 --standalone'.
Program terminated with signal SIGSEGV, Segmentation fault.
#0  0x00007f1fb4c2df87 in std::_Rb_tree_increment(std::_Rb_tree_node_base*) (
Thread 22 (Thread 0x7f1fbd2d0880 (LWP 15493)):
#0  0x00007f1fb5b2a9d0 in __GI___nanosleep (requested_time=requested_time@entry=0x7ffe715c5830, remaining=remaining@entry=0x0) at ../sysdeps/unix/sysv/linux/nanosleep.c:28
#1  0x00007f1fb5b5d877 in usleep (useconds=<optimized out>) at ../sysdeps/posix/usleep.c:32
#2  0x00005602764d5d3a in CGraphicContext::Flip(bool, bool) ()
#3  0x000056027687cbbc in ?? ()
#4  0x00005602768efe76 in CXBApplicationEx::Run(CAppParamParser const&) ()
#5  0x00005602765b138e in XBMC_Run ()
#6  0x000056027613f0c5 in main ()

Thread 21 (Thread 0x7f1f5b7fe700 (LWP 15588)):
#0  0x00007f1fb4c2e6b2 in std::_Rb_tree_rebalance_for_erase(std::_Rb_tree_node_base*, std::_Rb_tree_node_base&) () from /usr/lib/x86_64-linux-gnu/libstdc++.so.6
#1  0x0000560276a44683 in PERIPHERALS::CPeripheralAddon::UnregisterRemovedDevices(PERIPHERALS::PeripheralScanResults const&, std::vector<std::shared_ptr<PERIPHERALS::CPeripheral>, std::allocator<std::shared_ptr<PERIPHERALS::CPeripheral> > >&) ()
#2  0x0000560276a728f0 in PERIPHERALS::CPeripheralBusAddon::UnregisterRemovedDevices(PERIPHERALS::PeripheralScanResults const&) ()
#3  0x0000560276a8e93e in PERIPHERALS::CPeripheralBus::ScanForDevices() ()
#4  0x0000560276a3b9f3 in PERIPHERALS::CPeripheralBus::Process() ()
#5  0x0000560276510893 in CThread::Action() ()
#6  0x0000560276512bb3 in CThread::staticThread(void*) ()
#7  0x00007f1fbcf216db in start_thread (arg=0x7f1f5b7fe700) at pthread_create.c:463
#8  0x00007f1fb5b6788f in clone () at ../sysdeps/unix/sysv/linux/x86_64/clone.S:95

Thread 20 (Thread 0x7f1f629d9700 (LWP 15583)):
#0  0x00007f1fb5b5d03f in __GI___select (nfds=41, readfds=0x7f1f629d4100, writefds=0x7f1f629d4080, exceptfds=0x7f1f629d4000, timeout=0x7f1f629d3ff0) at ../sysdeps/unix/sysv/linux/select.c:41
#1  0x0000560276c3da6f in XFILE::CCurlFile::CReadState::FillBuffer(unsigned int) ()
#2  0x0000560276c3df60 in XFILE::CCurlFile::CReadState::Read(void*, unsigned long) ()
#3  0x0000560276d1ea21 in XFILE::CCurlFile::ReadData(std::__cxx11::basic_string<char, std::char_traits<char>, std::allocator<char> >&) ()
#4  0x0000560276d2ccdb in XFILE::CCurlFile::Service(std::__cxx11::basic_string<char, std::char_traits<char>, std::allocator<char> > const&, std::__cxx11::basic_string<char, std::char_traits<char>, std::allocator<char> >&) ()
#5  0x00005602768389aa in ADDON::CRepository::FetchIndex(ADDON::CRepository::DirInfo const&, std::__cxx11::basic_string<char, std::char_traits<char>, std::allocator<char> > const&, std::vector<std::shared_ptr<ADDON::IAddon>, std::allocator<std::shared_ptr<ADDON::IAddon> > >&) ()
#6  0x0000560276838fc3 in ADDON::CRepository::FetchIfChanged(std::__cxx11::basic_string<char, std::char_traits<char>, std::allocator<char> > const&, std::__cxx11::basic_string<char, std::char_traits<char>, std::allocator<char> >&, std::vector<std::shared_ptr<ADDON::IAddon>, std::allocator<std::shared_ptr<ADDON::IAddon> > >&) const ()
#7  0x0000560276839a5a in ADDON::CRepositoryUpdateJob::DoWork() ()
#8  0x00005602764bcca9 in CJobWorker::Process() ()
#9  0x0000560276510893 in CThread::Action() ()
#10 0x0000560276512bb3 in CThread::staticThread(void*) ()
#11 0x00007f1fbcf216db in start_thread (arg=0x7f1f629d9700) at pthread_create.c:463
#12 0x00007f1fb5b6788f in clone () at ../sysdeps/unix/sysv/linux/x86_64/clone.S:95

Thread 19 (Thread 0x7f1f60f42700 (LWP 15586)):
#0  _IO_vfprintf_internal (s=s@entry=0x7f1f60f415b0, format=format@entry=0x7f1fba5d7ef5 "/dev/%s", ap=ap@entry=0x7f1f60f416f0) at vfprintf.c:1643
#1  0x00007f1fb5b7a411 in __GI___vasprintf_chk (result_ptr=0x7f1f60f417d0, flags=1, format=0x7f1fba5d7ef5 "/dev/%s", args=args@entry=0x7f1f60f416f0) at vasprintf_chk.c:66
#2  0x00007f1fb5b7a32f in __asprintf_chk (result_ptr=<optimized out>, flags=<optimized out>, format=<optimized out>) at asprintf_chk.c:32
#3  0x00007f1fba5cc8e1 in ?? () from /lib/x86_64-linux-gnu/libudev.so.1
#4  0x00007f1fba5cd7af in ?? () from /lib/x86_64-linux-gnu/libudev.so.1
#5  0x00007f1fba5cd956 in ?? () from /lib/x86_64-linux-gnu/libudev.so.1
#6  0x00007f1fba5d2604 in ?? () from /lib/x86_64-linux-gnu/libudev.so.1
#7  0x00007f1fba5d29b5 in ?? () from /lib/x86_64-linux-gnu/libudev.so.1
#8  0x00007f1fba5d4000 in udev_enumerate_scan_devices () from /lib/x86_64-linux-gnu/libudev.so.1
#9  0x00005602762e3658 in PERIPHERALS::CPeripheralBusUSB::PerformDeviceScan(PERIPHERALS::PeripheralScanResults&) ()
#10 0x0000560276a8e924 in PERIPHERALS::CPeripheralBus::ScanForDevices() ()
#11 0x00005602762c24d4 in PERIPHERALS::CPeripheralBusUSB::Process() ()
#12 0x0000560276510893 in CThread::Action() ()
#13 0x0000560276512bb3 in CThread::staticThread(void*) ()
#14 0x00007f1fbcf216db in start_thread (arg=0x7f1f60f42700) at pthread_create.c:463
#15 0x00007f1fb5b6788f in clone () at ../sysdeps/unix/sysv/linux/x86_64/clone.S:95

Thread 18 (Thread 0x7f1f43fff700 (LWP 15595)):
#0  0x00007f1fb5b5d03f in __GI___select (nfds=45, readfds=0x7f1f43ffec38, writefds=0x0, exceptfds=0x0, timeout=0x7f1f43ffeae0) at ../sysdeps/unix/sysv/linux/select.c:41
#1  0x0000560276bb3b67 in SOCKETS::CSocketListener::Listen(int) ()
#2  0x0000560276a79a6a in EVENTSERVER::CEventServer::Run() ()
#3  0x0000560276a79c28 in EVENTSERVER::CEventServer::Process() ()
#4  0x0000560276510893 in CThread::Action() ()
#5  0x0000560276512bb3 in CThread::staticThread(void*) ()
#6  0x00007f1fbcf216db in start_thread (arg=0x7f1f43fff700) at pthread_create.c:463
#7  0x00007f1fb5b6788f in clone () at ../sysdeps/unix/sysv/linux/x86_64/clone.S:95

Thread 17 (Thread 0x7f1f42012700 (LWP 15598)):
#0  0x00007f1fbcf27f85 in futex_abstimed_wait_cancelable (private=<optimized out>, abstime=0x7f1f42011c60, expected=0, futex_word=0x5602782aeb2c) at ../sysdeps/unix/sysv/linux/futex-internal.h:205
#1  __pthread_cond_wait_common (abstime=0x7f1f42011c60, mutex=0x5602795bc870, cond=0x5602782aeb00) at pthread_cond_wait.c:539
#2  __pthread_cond_timedwait (cond=0x5602782aeb00, mutex=0x5602795bc870, abstime=0x7f1f42011c60) at pthread_cond_wait.c:667
#3  0x00005602761bc07b in ?? ()
#4  0x000056027649e664 in CJobManager::GetNextJob(CJobWorker const*) ()
#5  0x00005602764bccca in CJobWorker::Process() ()
#6  0x0000560276510893 in CThread::Action() ()
#7  0x0000560276512bb3 in CThread::staticThread(void*) ()
#8  0x00007f1fbcf216db in start_thread (arg=0x7f1f42012700) at pthread_create.c:463
#9  0x00007f1fb5b6788f in clone () at ../sysdeps/unix/sysv/linux/x86_64/clone.S:95

Thread 16 (Thread 0x7f1f437fe700 (LWP 15596)):
#0  0x00007f1fb5b5d03f in __GI___select (nfds=44, readfds=0x7f1f437fd850, writefds=0x0, exceptfds=0x0, timeout=0x7f1f437fd820) at ../sysdeps/unix/sysv/linux/select.c:41
#1  0x0000560276bcedc8 in JSONRPC::CTCPServer::Process() ()
#2  0x0000560276510893 in CThread::Action() ()
#3  0x0000560276512bb3 in CThread::staticThread(void*) ()
#4  0x00007f1fbcf216db in start_thread (arg=0x7f1f437fe700) at pthread_create.c:463
#5  0x00007f1fb5b6788f in clone () at ../sysdeps/unix/sysv/linux/x86_64/clone.S:95

Thread 15 (Thread 0x7f1f42ffd700 (LWP 15597)):
#0  0x00007f1fb5b5d03f in __GI___select (nfds=47, readfds=0x7f1f42ffc8f0, writefds=0x0, exceptfds=0x0, timeout=0x7f1f42ffc8e0) at ../sysdeps/unix/sysv/linux/select.c:41
#1  0x00007f1f6051b293 in ?? () from /usr/lib/x86_64-linux-gnu/libshairplay.so.0
#2  0x00007f1fbcf216db in start_thread (arg=0x7f1f42ffd700) at pthread_create.c:463
#3  0x00007f1fb5b6788f in clone () at ../sysdeps/unix/sysv/linux/x86_64/clone.S:95

Thread 14 (Thread 0x7f1f5a7fc700 (LWP 15592)):
#0  0x00007f1fb5b5abf9 in __GI___poll (fds=0x560279f5af30, nfds=2, timeout=-1) at ../sysdeps/unix/sysv/linux/poll.c:29
#1  0x00007f1fbc7fd83a in ?? () from /usr/lib/x86_64-linux-gnu/libavahi-common.so.3
#2  0x00007f1fbc7fd3e1 in avahi_simple_poll_run () from /usr/lib/x86_64-linux-gnu/libavahi-common.so.3
#3  0x00007f1fbc7fd5b8 in avahi_simple_poll_iterate () from /usr/lib/x86_64-linux-gnu/libavahi-common.so.3
#4  0x00007f1fbc7fd7d3 in avahi_simple_poll_loop () from /usr/lib/x86_64-linux-gnu/libavahi-common.so.3
#5  0x00007f1fbc7fd897 in ?? () from /usr/lib/x86_64-linux-gnu/libavahi-common.so.3
#6  0x00007f1fbcf216db in start_thread (arg=0x7f1f5a7fc700) at pthread_create.c:463
#7  0x00007f1fb5b6788f in clone () at ../sysdeps/unix/sysv/linux/x86_64/clone.S:95

Thread 13 (Thread 0x7f1f597fa700 (LWP 15593)):
#0  0x00007f1fb5b5d03f in __GI___select (nfds=42, readfds=0x7f1f597f9be0, writefds=0x7f1f597f9c60, exceptfds=0x7f1f597f9ce0, timeout=0x0) at ../sysdeps/unix/sysv/linux/select.c:41
#1  0x00007f1fbb82674e in ?? () from /usr/lib/x86_64-linux-gnu/libmicrohttpd.so.12
#2  0x00007f1fbb826965 in ?? () from /usr/lib/x86_64-linux-gnu/libmicrohttpd.so.12
#3  0x00007f1fbcf216db in start_thread (arg=0x7f1f597fa700) at pthread_create.c:463
#4  0x00007f1fb5b6788f in clone () at ../sysdeps/unix/sysv/linux/x86_64/clone.S:95

Thread 12 (Thread 0x7f1f58ff9700 (LWP 15594)):
#0  0x00007f1fb5b5d03f in __GI___select (nfds=43, readfds=0x7f1f58ff8be0, writefds=0x7f1f58ff8c60, exceptfds=0x7f1f58ff8ce0, timeout=0x0) at ../sysdeps/unix/sysv/linux/select.c:41
#1  0x00007f1fbb82674e in ?? () from /usr/lib/x86_64-linux-gnu/libmicrohttpd.so.12
#2  0x00007f1fbb826965 in ?? () from /usr/lib/x86_64-linux-gnu/libmicrohttpd.so.12
#3  0x00007f1fbcf216db in start_thread (arg=0x7f1f58ff9700) at pthread_create.c:463
#4  0x00007f1fb5b6788f in clone () at ../sysdeps/unix/sysv/linux/x86_64/clone.S:95

Thread 11 (Thread 0x7f1f5bfff700 (LWP 15587)):
#0  0x00007f1fbcf27f85 in futex_abstimed_wait_cancelable (private=<optimized out>, abstime=0x7f1f5bffeca0, expected=0, futex_word=0x56027a00f728) at ../sysdeps/unix/sysv/linux/futex-internal.h:205
#1  __pthread_cond_wait_common (abstime=0x7f1f5bffeca0, mutex=0x560279f29f10, cond=0x56027a00f700) at pthread_cond_wait.c:539
#2  __pthread_cond_timedwait (cond=0x56027a00f700, mutex=0x560279f29f10, abstime=0x7f1f5bffeca0) at pthread_cond_wait.c:667
#3  0x00005602761bc07b in ?? ()
#4  0x0000560276a3ba32 in PERIPHERALS::CPeripheralBus::Process() ()
#5  0x0000560276510893 in CThread::Action() ()
#6  0x0000560276512bb3 in CThread::staticThread(void*) ()
#7  0x00007f1fbcf216db in start_thread (arg=0x7f1f5bfff700) at pthread_create.c:463
#8  0x00007f1fb5b6788f in clone () at ../sysdeps/unix/sysv/linux/x86_64/clone.S:95

Thread 10 (Thread 0x7f1f7318f700 (LWP 15581)):
#0  0x00007f1fbcf27f85 in futex_abstimed_wait_cancelable (private=<optimized out>, abstime=0x7f1f7318ec60, expected=0, futex_word=0x5602782aeb2c) at ../sysdeps/unix/sysv/linux/futex-internal.h:205
#1  __pthread_cond_wait_common (abstime=0x7f1f7318ec60, mutex=0x5602795bc870, cond=0x5602782aeb00) at pthread_cond_wait.c:539
#2  __pthread_cond_timedwait (cond=0x5602782aeb00, mutex=0x5602795bc870, abstime=0x7f1f7318ec60) at pthread_cond_wait.c:667
#3  0x00005602761bc07b in ?? ()
#4  0x000056027649e664 in CJobManager::GetNextJob(CJobWorker const*) ()
#5  0x00005602764bccca in CJobWorker::Process() ()
#6  0x0000560276510893 in CThread::Action() ()
#7  0x0000560276512bb3 in CThread::staticThread(void*) ()
#8  0x00007f1fbcf216db in start_thread (arg=0x7f1f7318f700) at pthread_create.c:463
#9  0x00007f1fb5b6788f in clone () at ../sysdeps/unix/sysv/linux/x86_64/clone.S:95

Thread 9 (Thread 0x7f1f619d7700 (LWP 15585)):
#0  0x00007f1fbcf27f85 in futex_abstimed_wait_cancelable (private=<optimized out>, abstime=0x7f1f619d6d30, expected=0, futex_word=0x560279cd6fc0) at ../sysdeps/unix/sysv/linux/futex-internal.h:205
#1  __pthread_cond_wait_common (abstime=0x7f1f619d6d30, mutex=0x560279cd6f58, cond=0x560279cd6f98) at pthread_cond_wait.c:539
#2  __pthread_cond_timedwait (cond=0x560279cd6f98, mutex=0x560279cd6f58, abstime=0x7f1f619d6d30) at pthread_cond_wait.c:667
#3  0x00007f1fbc115f4b in CEC::CCECClient::Process() () from /usr/lib/x86_64-linux-gnu/libcec.so.4
#4  0x00007f1fbc119543 in P8PLATFORM::CThread::ThreadHandler(void*) () from /usr/lib/x86_64-linux-gnu/libcec.so.4
#5  0x00007f1fbcf216db in start_thread (arg=0x7f1f619d7700) at pthread_create.c:463
#6  0x00007f1fb5b6788f in clone () at ../sysdeps/unix/sysv/linux/x86_64/clone.S:95

Thread 8 (Thread 0x7f1f621d8700 (LWP 15584)):
#0  0x00007f1fbcf27f85 in futex_abstimed_wait_cancelable (private=<optimized out>, abstime=0x7f1f621d7c60, expected=0, futex_word=0x5602782aeb2c) at ../sysdeps/unix/sysv/linux/futex-internal.h:205
#1  __pthread_cond_wait_common (abstime=0x7f1f621d7c60, mutex=0x5602795bc870, cond=0x5602782aeb00) at pthread_cond_wait.c:539
#2  __pthread_cond_timedwait (cond=0x5602782aeb00, mutex=0x5602795bc870, abstime=0x7f1f621d7c60) at pthread_cond_wait.c:667
#3  0x00005602761bc07b in ?? ()
#4  0x000056027649e664 in CJobManager::GetNextJob(CJobWorker const*) ()
#5  0x00005602764bccca in CJobWorker::Process() ()
#6  0x0000560276510893 in CThread::Action() ()
#7  0x0000560276512bb3 in CThread::staticThread(void*) ()
#8  0x00007f1fbcf216db in start_thread (arg=0x7f1f621d8700) at pthread_create.c:463
#9  0x00007f1fb5b6788f in clone () at ../sysdeps/unix/sysv/linux/x86_64/clone.S:95

Thread 7 (Thread 0x7f1f7434e700 (LWP 15580)):
#0  0x00007f1fbcf279f3 in futex_wait_cancelable (private=<optimized out>, expected=0, futex_word=0x5602791735f8) at ../sysdeps/unix/sysv/linux/futex-internal.h:88
#1  __pthread_cond_wait_common (abstime=0x0, mutex=0x5602791735a8, cond=0x5602791735d0) at pthread_cond_wait.c:502
#2  __pthread_cond_wait (cond=0x5602791735d0, mutex=0x5602791735a8) at pthread_cond_wait.c:655
#3  0x00007f1f7547384b in ?? () from /usr/lib/x86_64-linux-gnu/dri/i965_dri.so
#4  0x00007f1f75473447 in ?? () from /usr/lib/x86_64-linux-gnu/dri/i965_dri.so
#5  0x00007f1fbcf216db in start_thread (arg=0x7f1f7434e700) at pthread_create.c:463
#6  0x00007f1fb5b6788f in clone () at ../sysdeps/unix/sysv/linux/x86_64/clone.S:95

Thread 6 (Thread 0x7f1f9d948700 (LWP 15575)):
#0  0x00007f1fbcf279f3 in futex_wait_cancelable (private=<optimized out>, expected=0, futex_word=0x7f1f84005558) at ../sysdeps/unix/sysv/linux/futex-internal.h:88
#1  __pthread_cond_wait_common (abstime=0x0, mutex=0x7f1f84003dd0, cond=0x7f1f84005530) at pthread_cond_wait.c:502
#2  __pthread_cond_wait (cond=0x7f1f84005530, mutex=0x7f1f84003dd0) at pthread_cond_wait.c:655
#3  0x00007f1fbb3bda68 in pa_threaded_mainloop_wait () from /usr/lib/x86_64-linux-gnu/libpulse.so.0
#4  0x0000560276c6263c in CAESinkPULSE::AddPackets(unsigned char**, unsigned int, unsigned int) ()
#5  0x0000560276c9522a in ActiveAE::CActiveAESink::OutputSamples(ActiveAE::CSampleBuffer*) ()
#6  0x0000560276ca9943 in ActiveAE::CActiveAESink::StateMachine(int, Actor::Protocol*, Actor::Message*) ()
#7  0x0000560276caa1da in ActiveAE::CActiveAESink::Process() ()
#8  0x0000560276510893 in CThread::Action() ()
#9  0x0000560276512bb3 in CThread::staticThread(void*) ()
#10 0x00007f1fbcf216db in start_thread (arg=0x7f1f9d948700) at pthread_create.c:463
#11 0x00007f1fb5b6788f in clone () at ../sysdeps/unix/sysv/linux/x86_64/clone.S:95

Thread 5 (Thread 0x7f1f9d147700 (LWP 15577)):
#0  0x00007f1fb5b5abf9 in __GI___poll (fds=0x7f1f88001b30, nfds=3, timeout=902) at ../sysdeps/unix/sysv/linux/poll.c:29
#1  0x00007f1fbb3bd481 in ?? () from /usr/lib/x86_64-linux-gnu/libpulse.so.0
#2  0x00007f1fbb3aee40 in pa_mainloop_poll () from /usr/lib/x86_64-linux-gnu/libpulse.so.0
#3  0x00007f1fbb3af4d0 in pa_mainloop_iterate () from /usr/lib/x86_64-linux-gnu/libpulse.so.0
#4  0x00007f1fbb3af560 in pa_mainloop_run () from /usr/lib/x86_64-linux-gnu/libpulse.so.0
#5  0x00007f1fbb3bd3c9 in ?? () from /usr/lib/x86_64-linux-gnu/libpulse.so.0
#6  0x00007f1fb3e63318 in ?? () from /usr/lib/x86_64-linux-gnu/pulseaudio/libpulsecommon-11.1.so
#7  0x00007f1fbcf216db in start_thread (arg=0x7f1f9d147700) at pthread_create.c:463
#8  0x00007f1fb5b6788f in clone () at ../sysdeps/unix/sysv/linux/x86_64/clone.S:95

Thread 4 (Thread 0x7f1f9e149700 (LWP 15574)):
#0  0x00007f1fbcf27f85 in futex_abstimed_wait_cancelable (private=<optimized out>, abstime=0x7f1f9e148c40, expected=0, futex_word=0x560279192908) at ../sysdeps/unix/sysv/linux/futex-internal.h:205
#1  __pthread_cond_wait_common (abstime=0x7f1f9e148c40, mutex=0x56027918edb0, cond=0x5602791928e0) at pthread_cond_wait.c:539
#2  __pthread_cond_timedwait (cond=0x5602791928e0, mutex=0x56027918edb0, abstime=0x7f1f9e148c40) at pthread_cond_wait.c:667
#3  0x00005602761bc07b in ?? ()
#4  0x0000560276caff62 in ActiveAE::CActiveAE::Process() ()
#5  0x0000560276510893 in CThread::Action() ()
#6  0x0000560276512bb3 in CThread::staticThread(void*) ()
#7  0x00007f1fbcf216db in start_thread (arg=0x7f1f9e149700) at pthread_create.c:463
#8  0x00007f1fb5b6788f in clone () at ../sysdeps/unix/sysv/linux/x86_64/clone.S:95

Thread 3 (Thread 0x7f1f9e94a700 (LWP 15572)):
#0  0x00007f1fbcf27f85 in futex_abstimed_wait_cancelable (private=<optimized out>, abstime=0x7f1f9e949be0, expected=0, futex_word=0x56027909f6a8) at ../sysdeps/unix/sysv/linux/futex-internal.h:205
#1  __pthread_cond_wait_common (abstime=0x7f1f9e949be0, mutex=0x7f1f8c00bd60, cond=0x56027909f680) at pthread_cond_wait.c:539
#2  __pthread_cond_timedwait (cond=0x56027909f680, mutex=0x7f1f8c00bd60, abstime=0x7f1f9e949be0) at pthread_cond_wait.c:667
#3  0x00005602761bc07b in ?? ()
#4  0x00005602762e6b80 in CLirc::Process() ()
#5  0x0000560276510893 in CThread::Action() ()
#6  0x0000560276512bb3 in CThread::staticThread(void*) ()
#7  0x00007f1fbcf216db in start_thread (arg=0x7f1f9e94a700) at pthread_create.c:463
#8  0x00007f1fb5b6788f in clone () at ../sysdeps/unix/sysv/linux/x86_64/clone.S:95

Thread 2 (Thread 0x7f1f9f14b700 (LWP 15570)):
#0  0x00007f1fbcf279f3 in futex_wait_cancelable (private=<optimized out>, expected=0, futex_word=0x5602790912b4) at ../sysdeps/unix/sysv/linux/futex-internal.h:88
#1  __pthread_cond_wait_common (abstime=0x0, mutex=0x56027921ed80, cond=0x560279091288) at pthread_cond_wait.c:502
#2  __pthread_cond_wait (cond=0x560279091288, mutex=0x56027921ed80) at pthread_cond_wait.c:655
#3  0x00007f1fb4c3b86c in std::condition_variable::wait(std::unique_lock<std::mutex>&) () from /usr/lib/x86_64-linux-gnu/libstdc++.so.6
#4  0x00005602762c3a6c in ?? ()
#5  0x0000560276b8e0bb in ANNOUNCEMENT::CAnnouncementManager::Process() ()
#6  0x0000560276510893 in CThread::Action() ()
#7  0x0000560276512bb3 in CThread::staticThread(void*) ()
#8  0x00007f1fbcf216db in start_thread (arg=0x7f1f9f14b700) at pthread_create.c:463
#9  0x00007f1fb5b6788f in clone () at ../sysdeps/unix/sysv/linux/x86_64/clone.S:95

Thread 1 (Thread 0x7f1f5affd700 (LWP 15589)):
#0  0x00007f1fb4c2df87 in std::_Rb_tree_increment(std::_Rb_tree_node_base*) () from /usr/lib/x86_64-linux-gnu/libstdc++.so.6
#1  0x0000560276a845e3 in PERIPHERALS::CPeripheralAddon::ProcessEvents() ()
#2  0x0000560276a847a8 in PERIPHERALS::CPeripheralBusAddon::ProcessEvents() ()
#3  0x0000560276a6104c in PERIPHERALS::CEventScanner::Process() ()
#4  0x0000560276510893 in CThread::Action() ()
#5  0x0000560276512bb3 in CThread::staticThread(void*) ()
#6  0x00007f1fbcf216db in start_thread (arg=0x7f1f5affd700) at pthread_create.c:463
#7  0x00007f1fb5b6788f in clone () at ../sysdeps/unix/sysv/linux/x86_64/clone.S:95
